2020-05-21 23:43:28,676 INFO com.realdolmen.bookstore.BookstoreApplication [main] Starting BookstoreApplication on DESKTOP-6OUR1RM with PID 10108 (D:\2020-pip\bookstore\target\classes started by fdrbz in D:\2020-pip\bookstore)
2020-05-21 23:43:28,701 DEBUG com.realdolmen.bookstore.BookstoreApplication [main] Running with Spring Boot v2.3.0.RELEASE, Spring v5.2.6.RELEASE
2020-05-21 23:43:28,702 INFO com.realdolmen.bookstore.BookstoreApplication [main] No active profile set, falling back to default profiles: default
2020-05-21 23:43:31,224 INFO org.apache.catalina.core.StandardService [main] Starting service [Tomcat]
2020-05-21 23:43:31,225 INFO org.apache.catalina.core.StandardEngine [main] Starting Servlet engine: [Apache Tomcat/9.0.35]
2020-05-21 23:43:31,442 INFO org.apache.catalina.core.ContainerBase.[Tomcat].[localhost].[/bookstore] [main] Initializing Spring embedded WebApplicationContext
2020-05-21 23:43:31,668 INFO org.hibernate.jpa.internal.util.LogHelper [task-1] HHH000204: Processing PersistenceUnitInfo [name: default]
2020-05-21 23:43:31,757 INFO org.hibernate.Version [task-1] HHH000412: Hibernate ORM core version 5.4.15.Final
2020-05-21 23:43:31,962 INFO org.hibernate.annotations.common.Version [task-1] HCANN000001: Hibernate Commons Annotations {5.1.0.Final}
2020-05-21 23:43:32,067 INFO com.zaxxer.hikari.HikariDataSource [task-1] HikariPool-1 - Starting...
2020-05-21 23:43:32,262 INFO com.zaxxer.hikari.HikariDataSource [task-1] HikariPool-1 - Start completed.
2020-05-21 23:43:32,286 INFO org.hibernate.dialect.Dialect [task-1] HHH000400: Using dialect: org.hibernate.dialect.PostgreSQLDialect
2020-05-21 23:43:34,017 INFO org.hibernate.tool.schema.internal.SchemaCreatorImpl [task-1] HHH000476: Executing import script 'D:\2020-pip\bookstore\data.sql'
2020-05-21 23:43:34,465 INFO org.hibernate.tool.schema.internal.SchemaCreatorImpl [task-1] HHH000476: Executing import script 'D:\2020-pip\bookstore\data.sql'
2020-05-21 23:43:34,509 INFO org.hibernate.engine.transaction.jta.platform.internal.JtaPlatformInitiator [task-1] HHH000490: Using JtaPlatform implementation: [org.hibernate.engine.transaction.jta.platform.internal.NoJtaPlatform]
2020-05-21 23:43:35,365 INFO com.realdolmen.bookstore.BookstoreApplication [main] Started BookstoreApplication in 8.175 seconds (JVM running for 11.492)
2020-05-21 23:45:33,786 INFO com.realdolmen.bookstore.BookstoreApplication [main] Starting BookstoreApplication on DESKTOP-6OUR1RM with PID 11004 (D:\2020-pip\bookstore\target\classes started by fdrbz in D:\2020-pip\bookstore)
2020-05-21 23:45:33,792 DEBUG com.realdolmen.bookstore.BookstoreApplication [main] Running with Spring Boot v2.3.0.RELEASE, Spring v5.2.6.RELEASE
2020-05-21 23:45:33,792 INFO com.realdolmen.bookstore.BookstoreApplication [main] No active profile set, falling back to default profiles: default
2020-05-21 23:45:37,990 INFO org.apache.catalina.core.StandardService [main] Starting service [Tomcat]
2020-05-21 23:45:37,990 INFO org.apache.catalina.core.StandardEngine [main] Starting Servlet engine: [Apache Tomcat/9.0.35]
2020-05-21 23:45:38,190 INFO org.apache.catalina.core.ContainerBase.[Tomcat].[localhost].[/bookstore] [main] Initializing Spring embedded WebApplicationContext
2020-05-21 23:45:38,457 INFO org.hibernate.jpa.internal.util.LogHelper [task-1] HHH000204: Processing PersistenceUnitInfo [name: default]
2020-05-21 23:45:38,542 INFO org.hibernate.Version [task-1] HHH000412: Hibernate ORM core version 5.4.15.Final
2020-05-21 23:45:38,706 INFO org.hibernate.annotations.common.Version [task-1] HCANN000001: Hibernate Commons Annotations {5.1.0.Final}
2020-05-21 23:45:38,818 INFO com.zaxxer.hikari.HikariDataSource [task-1] HikariPool-1 - Starting...
2020-05-21 23:45:39,038 INFO com.zaxxer.hikari.HikariDataSource [task-1] HikariPool-1 - Start completed.
2020-05-21 23:45:39,061 INFO org.hibernate.dialect.Dialect [task-1] HHH000400: Using dialect: org.hibernate.dialect.PostgreSQLDialect
2020-05-21 23:45:40,978 INFO org.hibernate.tool.schema.internal.SchemaCreatorImpl [task-1] HHH000476: Executing import script 'D:\2020-pip\bookstore\data.sql'
2020-05-21 23:45:41,292 INFO org.hibernate.tool.schema.internal.SchemaCreatorImpl [task-1] HHH000476: Executing import script 'D:\2020-pip\bookstore\data.sql'
2020-05-21 23:45:41,312 INFO org.hibernate.engine.transaction.jta.platform.internal.JtaPlatformInitiator [task-1] HHH000490: Using JtaPlatform implementation: [org.hibernate.engine.transaction.jta.platform.internal.NoJtaPlatform]
2020-05-21 23:45:42,292 INFO com.realdolmen.bookstore.BookstoreApplication [main] Started BookstoreApplication in 9.608 seconds (JVM running for 13.426)
2020-05-21 23:45:48,900 INFO org.apache.catalina.core.ContainerBase.[Tomcat].[localhost].[/bookstore] [http-nio-8080-exec-1] Initializing Spring DispatcherServlet 'dispatcherServlet'
2020-05-21 23:45:49,115 DEBUG com.realdolmen.bookstore.controller.UserController [http-nio-8080-exec-1] Article 0: com.realdolmen.bookstore.model.Book@2e9bbfd7
2020-05-21 23:45:49,116 ERROR com.realdolmen.bookstore.controller.UserController [http-nio-8080-exec-1] Articles: [com.realdolmen.bookstore.model.Book@2e9bbfd7, com.realdolmen.bookstore.model.Book@448e8c4d, com.realdolmen.bookstore.model.Game@594f9d6b, com.realdolmen.bookstore.model.Game@69f51ac, com.realdolmen.bookstore.model.Game@605c87d0, com.realdolmen.bookstore.model.LP@3046d4e1, com.realdolmen.bookstore.model.LP@5b9183bd]
2020-05-21 23:47:18,145 INFO com.realdolmen.bookstore.BookstoreApplication [main] Starting BookstoreApplication on DESKTOP-6OUR1RM with PID 15464 (D:\2020-pip\bookstore\target\classes started by fdrbz in D:\2020-pip\bookstore)
2020-05-21 23:47:18,152 DEBUG com.realdolmen.bookstore.BookstoreApplication [main] Running with Spring Boot v2.3.0.RELEASE, Spring v5.2.6.RELEASE
2020-05-21 23:47:18,153 INFO com.realdolmen.bookstore.BookstoreApplication [main] No active profile set, falling back to default profiles: default
2020-05-21 23:47:20,302 INFO org.apache.catalina.core.StandardService [main] Starting service [Tomcat]
2020-05-21 23:47:20,302 INFO org.apache.catalina.core.StandardEngine [main] Starting Servlet engine: [Apache Tomcat/9.0.35]
2020-05-21 23:47:20,487 INFO org.apache.catalina.core.ContainerBase.[Tomcat].[localhost].[/bookstore] [main] Initializing Spring embedded WebApplicationContext
2020-05-21 23:47:20,691 INFO org.hibernate.jpa.internal.util.LogHelper [task-1] HHH000204: Processing PersistenceUnitInfo [name: default]
2020-05-21 23:47:20,749 INFO org.hibernate.Version [task-1] HHH000412: Hibernate ORM core version 5.4.15.Final
2020-05-21 23:47:20,895 INFO org.hibernate.annotations.common.Version [task-1] HCANN000001: Hibernate Commons Annotations {5.1.0.Final}
2020-05-21 23:47:21,018 INFO com.zaxxer.hikari.HikariDataSource [task-1] HikariPool-1 - Starting...
2020-05-21 23:47:21,180 INFO com.zaxxer.hikari.HikariDataSource [task-1] HikariPool-1 - Start completed.
2020-05-21 23:47:21,203 INFO org.hibernate.dialect.Dialect [task-1] HHH000400: Using dialect: org.hibernate.dialect.PostgreSQLDialect
2020-05-21 23:47:22,578 INFO org.hibernate.tool.schema.internal.SchemaCreatorImpl [task-1] HHH000476: Executing import script 'D:\2020-pip\bookstore\data.sql'
2020-05-21 23:47:22,801 INFO org.hibernate.tool.schema.internal.SchemaCreatorImpl [task-1] HHH000476: Executing import script 'D:\2020-pip\bookstore\data.sql'
2020-05-21 23:47:22,821 INFO org.hibernate.engine.transaction.jta.platform.internal.JtaPlatformInitiator [task-1] HHH000490: Using JtaPlatform implementation: [org.hibernate.engine.transaction.jta.platform.internal.NoJtaPlatform]
2020-05-21 23:47:23,724 INFO com.realdolmen.bookstore.BookstoreApplication [main] Started BookstoreApplication in 6.493 seconds (JVM running for 9.185)
2020-05-21 23:47:30,506 INFO org.apache.catalina.core.ContainerBase.[Tomcat].[localhost].[/bookstore] [http-nio-8080-exec-1] Initializing Spring DispatcherServlet 'dispatcherServlet'
2020-05-21 23:47:30,747 DEBUG com.realdolmen.bookstore.controller.UserController [http-nio-8080-exec-1] Article 0: class com.realdolmen.bookstore.model.Book
2020-05-21 23:47:30,747 ERROR com.realdolmen.bookstore.controller.UserController [http-nio-8080-exec-1] Articles: [com.realdolmen.bookstore.model.Book@65a33185, com.realdolmen.bookstore.model.Book@2706939f, com.realdolmen.bookstore.model.Game@1efac623, com.realdolmen.bookstore.model.Game@61ce6205, com.realdolmen.bookstore.model.Game@556ca911, com.realdolmen.bookstore.model.LP@f4e59c1, com.realdolmen.bookstore.model.LP@5f8216cc]
2020-05-21 23:47:57,772 INFO com.realdolmen.bookstore.BookstoreApplication [main] Starting BookstoreApplication on DESKTOP-6OUR1RM with PID 14628 (D:\2020-pip\bookstore\target\classes started by fdrbz in D:\2020-pip\bookstore)
2020-05-21 23:47:57,780 DEBUG com.realdolmen.bookstore.BookstoreApplication [main] Running with Spring Boot v2.3.0.RELEASE, Spring v5.2.6.RELEASE
2020-05-21 23:47:57,781 INFO com.realdolmen.bookstore.BookstoreApplication [main] No active profile set, falling back to default profiles: default
2020-05-21 23:48:00,515 INFO org.apache.catalina.core.StandardService [main] Starting service [Tomcat]
2020-05-21 23:48:00,516 INFO org.apache.catalina.core.StandardEngine [main] Starting Servlet engine: [Apache Tomcat/9.0.35]
2020-05-21 23:48:00,710 INFO org.apache.catalina.core.ContainerBase.[Tomcat].[localhost].[/bookstore] [main] Initializing Spring embedded WebApplicationContext
2020-05-21 23:48:00,919 INFO org.hibernate.jpa.internal.util.LogHelper [task-1] HHH000204: Processing PersistenceUnitInfo [name: default]
2020-05-21 23:48:00,979 INFO org.hibernate.Version [task-1] HHH000412: Hibernate ORM core version 5.4.15.Final
2020-05-21 23:48:01,126 INFO org.hibernate.annotations.common.Version [task-1] HCANN000001: Hibernate Commons Annotations {5.1.0.Final}
2020-05-21 23:48:01,257 INFO com.zaxxer.hikari.HikariDataSource [task-1] HikariPool-1 - Starting...
2020-05-21 23:48:01,443 INFO com.zaxxer.hikari.HikariDataSource [task-1] HikariPool-1 - Start completed.
2020-05-21 23:48:01,463 INFO org.hibernate.dialect.Dialect [task-1] HHH000400: Using dialect: org.hibernate.dialect.PostgreSQLDialect
2020-05-21 23:48:02,873 INFO org.hibernate.tool.schema.internal.SchemaCreatorImpl [task-1] HHH000476: Executing import script 'D:\2020-pip\bookstore\data.sql'
2020-05-21 23:48:03,081 INFO org.hibernate.tool.schema.internal.SchemaCreatorImpl [task-1] HHH000476: Executing import script 'D:\2020-pip\bookstore\data.sql'
2020-05-21 23:48:03,105 INFO org.hibernate.engine.transaction.jta.platform.internal.JtaPlatformInitiator [task-1] HHH000490: Using JtaPlatform implementation: [org.hibernate.engine.transaction.jta.platform.internal.NoJtaPlatform]
2020-05-21 23:48:04,010 INFO com.realdolmen.bookstore.BookstoreApplication [main] Started BookstoreApplication in 7.129 seconds (JVM running for 9.514)
2020-05-21 23:48:09,676 INFO org.apache.catalina.core.ContainerBase.[Tomcat].[localhost].[/bookstore] [http-nio-8080-exec-1] Initializing Spring DispatcherServlet 'dispatcherServlet'
2020-05-21 23:48:09,894 DEBUG com.realdolmen.bookstore.controller.UserController [http-nio-8080-exec-1] Article 0: class com.realdolmen.bookstore.model.Book
2020-05-21 23:48:09,894 DEBUG com.realdolmen.bookstore.controller.UserController [http-nio-8080-exec-1] Article 0: class com.realdolmen.bookstore.model.Game
2020-05-21 23:48:09,894 ERROR com.realdolmen.bookstore.controller.UserController [http-nio-8080-exec-1] Articles: [com.realdolmen.bookstore.model.Book@6ab9567f, com.realdolmen.bookstore.model.Book@5877a35f, com.realdolmen.bookstore.model.Game@1d6be6c5, com.realdolmen.bookstore.model.Game@5a2534c8, com.realdolmen.bookstore.model.Game@6588b4ed, com.realdolmen.bookstore.model.LP@719f0954, com.realdolmen.bookstore.model.LP@1de3715f]
2020-05-21 23:50:03,332 INFO com.realdolmen.bookstore.BookstoreApplication [main] Starting BookstoreApplication on DESKTOP-6OUR1RM with PID 15340 (D:\2020-pip\bookstore\target\classes started by fdrbz in D:\2020-pip\bookstore)
2020-05-21 23:50:03,336 DEBUG com.realdolmen.bookstore.BookstoreApplication [main] Running with Spring Boot v2.3.0.RELEASE, Spring v5.2.6.RELEASE
2020-05-21 23:50:03,336 INFO com.realdolmen.bookstore.BookstoreApplication [main] No active profile set, falling back to default profiles: default
2020-05-21 23:50:05,828 INFO org.apache.catalina.core.StandardService [main] Starting service [Tomcat]
2020-05-21 23:50:05,829 INFO org.apache.catalina.core.StandardEngine [main] Starting Servlet engine: [Apache Tomcat/9.0.35]
2020-05-21 23:50:06,025 INFO org.apache.catalina.core.ContainerBase.[Tomcat].[localhost].[/bookstore] [main] Initializing Spring embedded WebApplicationContext
2020-05-21 23:50:06,217 INFO org.hibernate.jpa.internal.util.LogHelper [task-1] HHH000204: Processing PersistenceUnitInfo [name: default]
2020-05-21 23:50:06,276 INFO org.hibernate.Version [task-1] HHH000412: Hibernate ORM core version 5.4.15.Final
2020-05-21 23:50:06,459 INFO org.hibernate.annotations.common.Version [task-1] HCANN000001: Hibernate Commons Annotations {5.1.0.Final}
2020-05-21 23:50:06,551 INFO com.zaxxer.hikari.HikariDataSource [task-1] HikariPool-1 - Starting...
2020-05-21 23:50:06,702 INFO com.zaxxer.hikari.HikariDataSource [task-1] HikariPool-1 - Start completed.
2020-05-21 23:50:06,718 INFO org.hibernate.dialect.Dialect [task-1] HHH000400: Using dialect: org.hibernate.dialect.PostgreSQLDialect
2020-05-21 23:50:08,096 INFO org.hibernate.tool.schema.internal.SchemaCreatorImpl [task-1] HHH000476: Executing import script 'D:\2020-pip\bookstore\data.sql'
2020-05-21 23:50:08,323 INFO org.hibernate.tool.schema.internal.SchemaCreatorImpl [task-1] HHH000476: Executing import script 'D:\2020-pip\bookstore\data.sql'
2020-05-21 23:50:08,346 INFO org.hibernate.engine.transaction.jta.platform.internal.JtaPlatformInitiator [task-1] HHH000490: Using JtaPlatform implementation: [org.hibernate.engine.transaction.jta.platform.internal.NoJtaPlatform]
2020-05-21 23:50:09,246 INFO com.realdolmen.bookstore.BookstoreApplication [main] Started BookstoreApplication in 6.812 seconds (JVM running for 9.249)
2020-05-21 23:50:15,407 INFO org.apache.catalina.core.ContainerBase.[Tomcat].[localhost].[/bookstore] [http-nio-8080-exec-1] Initializing Spring DispatcherServlet 'dispatcherServlet'
2020-05-21 23:50:15,640 DEBUG com.realdolmen.bookstore.controller.UserController [http-nio-8080-exec-1] Article 0: class com.realdolmen.bookstore.model.Book
2020-05-21 23:50:15,641 DEBUG com.realdolmen.bookstore.controller.UserController [http-nio-8080-exec-1] Article 0: class com.realdolmen.bookstore.model.Game
2020-05-21 23:50:15,641 ERROR com.realdolmen.bookstore.controller.UserController [http-nio-8080-exec-1] Articles: [com.realdolmen.bookstore.model.Book@70802c8b, com.realdolmen.bookstore.model.Book@2e83e261, com.realdolmen.bookstore.model.Game@2014b758, com.realdolmen.bookstore.model.Game@1cbb457e, com.realdolmen.bookstore.model.Game@e410c3d, com.realdolmen.bookstore.model.LP@c895c9f, com.realdolmen.bookstore.model.LP@6fe60d45]
2020-05-21 23:52:17,816 INFO com.realdolmen.bookstore.BookstoreApplication [main] Starting BookstoreApplication on DESKTOP-6OUR1RM with PID 14220 (D:\2020-pip\bookstore\target\classes started by fdrbz in D:\2020-pip\bookstore)
2020-05-21 23:52:17,821 DEBUG com.realdolmen.bookstore.BookstoreApplication [main] Running with Spring Boot v2.3.0.RELEASE, Spring v5.2.6.RELEASE
2020-05-21 23:52:17,821 INFO com.realdolmen.bookstore.BookstoreApplication [main] No active profile set, falling back to default profiles: default
2020-05-21 23:52:20,029 INFO org.apache.catalina.core.StandardService [main] Starting service [Tomcat]
2020-05-21 23:52:20,029 INFO org.apache.catalina.core.StandardEngine [main] Starting Servlet engine: [Apache Tomcat/9.0.35]
2020-05-21 23:52:20,224 INFO org.apache.catalina.core.ContainerBase.[Tomcat].[localhost].[/bookstore] [main] Initializing Spring embedded WebApplicationContext
2020-05-21 23:52:20,417 INFO org.hibernate.jpa.internal.util.LogHelper [task-1] HHH000204: Processing PersistenceUnitInfo [name: default]
2020-05-21 23:52:20,475 INFO org.hibernate.Version [task-1] HHH000412: Hibernate ORM core version 5.4.15.Final
2020-05-21 23:52:20,611 INFO org.hibernate.annotations.common.Version [task-1] HCANN000001: Hibernate Commons Annotations {5.1.0.Final}
2020-05-21 23:52:20,736 INFO com.zaxxer.hikari.HikariDataSource [task-1] HikariPool-1 - Starting...
2020-05-21 23:52:20,879 INFO com.zaxxer.hikari.HikariDataSource [task-1] HikariPool-1 - Start completed.
2020-05-21 23:52:20,895 INFO org.hibernate.dialect.Dialect [task-1] HHH000400: Using dialect: org.hibernate.dialect.PostgreSQLDialect
2020-05-21 23:52:22,273 INFO org.hibernate.tool.schema.internal.SchemaCreatorImpl [task-1] HHH000476: Executing import script 'D:\2020-pip\bookstore\data.sql'
2020-05-21 23:52:22,488 INFO org.hibernate.tool.schema.internal.SchemaCreatorImpl [task-1] HHH000476: Executing import script 'D:\2020-pip\bookstore\data.sql'
2020-05-21 23:52:22,506 INFO org.hibernate.engine.transaction.jta.platform.internal.JtaPlatformInitiator [task-1] HHH000490: Using JtaPlatform implementation: [org.hibernate.engine.transaction.jta.platform.internal.NoJtaPlatform]
2020-05-21 23:52:23,390 INFO com.realdolmen.bookstore.BookstoreApplication [main] Started BookstoreApplication in 6.507 seconds (JVM running for 8.898)
